# Logfile created on 2022-02-16 16:04:50 +0100 by logger.rb/v1.5.0
  INFO ---------------------------------------------------------------------------
  INFO START 2022-02-16 16:04:50 +0100 cap production deploy
  INFO ---------------------------------------------------------------------------
  INFO ---------------------------------------------------------------------------
  INFO START 2022-02-16 16:31:51 +0100 cap production deploy
  INFO ---------------------------------------------------------------------------
  INFO [8ad9fdb4] Running /usr/bin/env mkdir -p /tmp as maw11_8@714623.web23.swisscenter.com
 DEBUG [8ad9fdb4] Command: /usr/bin/env mkdir -p /tmp
  INFO ---------------------------------------------------------------------------
  INFO START 2022-02-16 16:34:31 +0100 cap production deploy
  INFO ---------------------------------------------------------------------------
  INFO [fe7a3705] Running /usr/bin/env mkdir -p /tmp as maw11_8@web23.swisscenter.com
 DEBUG [fe7a3705] Command: /usr/bin/env mkdir -p /tmp
  INFO ---------------------------------------------------------------------------
  INFO START 2022-02-16 16:40:41 +0100 cap production deploy:check
  INFO ---------------------------------------------------------------------------
  INFO [162b7429] Running /usr/bin/env mkdir -p /tmp as maw11_8@web23.swisscenter.com
 DEBUG [162b7429] Command: /usr/bin/env mkdir -p /tmp
  INFO ---------------------------------------------------------------------------
  INFO START 2022-02-16 16:43:02 +0100 cap production deploy:check
  INFO ---------------------------------------------------------------------------
  INFO [06c10953] Running /usr/bin/env mkdir -p /tmp as maw11_8@web23.swisscenter.com
 DEBUG [06c10953] Command: /usr/bin/env mkdir -p /tmp
  INFO ---------------------------------------------------------------------------
  INFO START 2022-02-16 16:43:46 +0100 cap production deploy:check
  INFO ---------------------------------------------------------------------------
  INFO [033dce15] Running /usr/bin/env mkdir -p /tmp as maw11_8@web23.swisscenter.com
 DEBUG [033dce15] Command: /usr/bin/env mkdir -p /tmp
  INFO ---------------------------------------------------------------------------
  INFO START 2022-02-16 16:48:08 +0100 cap production deploy:check
  INFO ---------------------------------------------------------------------------
  INFO [b4042445] Running /usr/bin/env mkdir -p /tmp as maw11_8@web23.swisscenter.com
 DEBUG [b4042445] Command: /usr/bin/env mkdir -p /tmp
  INFO ---------------------------------------------------------------------------
  INFO START 2022-03-04 08:07:02 +0100 cap production deploy
  INFO ---------------------------------------------------------------------------
  INFO [c8e0014e] Running /usr/bin/env mkdir -p /tmp as maw11_8@web23.swisscenter.com
 DEBUG [c8e0014e] Command: /usr/bin/env mkdir -p /tmp
  INFO ---------------------------------------------------------------------------
  INFO START 2022-03-04 08:11:07 +0100 cap production deploy
  INFO ---------------------------------------------------------------------------
  INFO [b2b85b71] Running /usr/bin/env mkdir -p /tmp as maw11_8@web23.swisscenter.com
 DEBUG [b2b85b71] Command: /usr/bin/env mkdir -p /tmp
  INFO ---------------------------------------------------------------------------
  INFO START 2022-03-04 08:12:56 +0100 cap production deploy
  INFO ---------------------------------------------------------------------------
  INFO [56485f4e] Running /usr/bin/env mkdir -p /tmp as maw11_8@web23.swisscenter.com
 DEBUG [56485f4e] Command: /usr/bin/env mkdir -p /tmp
